-encoding
UTF-8
-outxml
-source
6
-target
6
-classpath
/home/vico/.m2/repository/antlr/antlr/2.7.7/antlr-2.7.7.jar:/home/vico/.m2/repository/aopalliance/aopalliance/1.0/aopalliance-1.0.jar:/home/vico/.m2/repository/cglib/cglib-nodep/2.2.2/cglib-nodep-2.2.2.jar:/home/vico/.m2/repository/com/bytepoxic/core/biz/0.1.0.BUILD-SNAPSHOT/biz-0.1.0.BUILD-SNAPSHOT.jar:/home/vico/.m2/repository/com/bytepoxic/core/domain/0.1.0.BUILD-SNAPSHOT/domain-0.1.0.BUILD-SNAPSHOT.jar:/home/vico/.m2/repository/commons-codec/commons-codec/1.6/commons-codec-1.6.jar:/home/vico/.m2/repository/commons-collections/commons-collections/3.2.1/commons-collections-3.2.1.jar:/home/vico/.m2/repository/commons-dbcp/commons-dbcp/1.3/commons-dbcp-1.3.jar:/home/vico/.m2/repository/commons-io/commons-io/2.1/commons-io-2.1.jar:/home/vico/.m2/repository/commons-pool/commons-pool/1.5.6/commons-pool-1.5.6.jar:/home/vico/.m2/repository/dom4j/dom4j/1.6.1/dom4j-1.6.1.jar:/home/vico/.m2/repository/javax/servlet/servlet-api/2.5/servlet-api-2.5.jar:/home/vico/.m2/repository/javax/transaction/jta/1.1/jta-1.1.jar:/home/vico/.m2/repository/javax/validation/validation-api/1.0.0.GA/validation-api-1.0.0.GA.jar:/home/vico/.m2/repository/log4j/log4j/1.2.16/log4j-1.2.16.jar:/home/vico/.m2/repository/net/sf/flexjson/flexjson/2.1/flexjson-2.1.jar:/home/vico/.m2/repository/org/apache/commons/commons-lang3/3.1/commons-lang3-3.1.jar:/home/vico/.m2/repository/org/aspectj/aspectjrt/1.7.0/aspectjrt-1.7.0.jar:/home/vico/.m2/repository/org/aspectj/aspectjweaver/1.7.0/aspectjweaver-1.7.0.jar:/home/vico/.m2/repository/org/hibernate/hibernate-core/4.1.8.Final/hibernate-core-4.1.8.Final.jar:/home/vico/.m2/repository/org/hibernate/hibernate-entitymanager/4.1.8.Final/hibernate-entitymanager-4.1.8.Final.jar:/home/vico/.m2/repository/org/hibernate/hibernate-validator/4.3.1.Final/hibernate-validator-4.3.1.Final.jar:/home/vico/.m2/repository/org/hibernate/common/hibernate-commons-annotations/4.0.1.Final/hibernate-commons-annotations-4.0.1.Final.jar:/home/vico/.m2/repository/org/hibernate/javax/persistence/hibernate-jpa-2.0-api/1.0.1.Final/hibernate-jpa-2.0-api-1.0.1.Final.jar:/home/vico/.m2/repository/org/javassist/javassist/3.15.0-GA/javassist-3.15.0-GA.jar:/home/vico/.m2/repository/org/jboss/logging/jboss-logging/3.1.0.GA/jboss-logging-3.1.0.GA.jar:/home/vico/.m2/repository/org/jboss/spec/javax/transaction/jboss-transaction-api_1.1_spec/1.0.0.Final/jboss-transaction-api_1.1_spec-1.0.0.Final.jar:/home/vico/.m2/repository/org/slf4j/jcl-over-slf4j/1.7.2/jcl-over-slf4j-1.7.2.jar:/home/vico/.m2/repository/org/slf4j/slf4j-api/1.7.2/slf4j-api-1.7.2.jar:/home/vico/.m2/repository/org/slf4j/slf4j-log4j12/1.7.2/slf4j-log4j12-1.7.2.jar:/home/vico/.m2/repository/org/springframework/spring-aop/3.2.0.RELEASE/spring-aop-3.2.0.RELEASE.jar:/home/vico/.m2/repository/org/springframework/spring-aspects/3.2.0.RELEASE/spring-aspects-3.2.0.RELEASE.jar:/home/vico/.m2/repository/org/springframework/spring-beans/3.2.0.RELEASE/spring-beans-3.2.0.RELEASE.jar:/home/vico/.m2/repository/org/springframework/spring-context/3.2.0.RELEASE/spring-context-3.2.0.RELEASE.jar:/home/vico/.m2/repository/org/springframework/spring-context-support/3.2.0.RELEASE/spring-context-support-3.2.0.RELEASE.jar:/home/vico/.m2/repository/org/springframework/spring-core/3.2.0.RELEASE/spring-core-3.2.0.RELEASE.jar:/home/vico/.m2/repository/org/springframework/spring-expression/3.2.0.RELEASE/spring-expression-3.2.0.RELEASE.jar:/home/vico/.m2/repository/org/springframework/spring-jdbc/3.2.0.RELEASE/spring-jdbc-3.2.0.RELEASE.jar:/home/vico/.m2/repository/org/springframework/spring-orm/3.2.0.RELEASE/spring-orm-3.2.0.RELEASE.jar:/home/vico/.m2/repository/org/springframework/spring-tx/3.2.0.RELEASE/spring-tx-3.2.0.RELEASE.jar:/home/vico/.m2/repository/org/springframework/spring-web/3.0.6.RELEASE/spring-web-3.0.6.RELEASE.jar:/home/vico/.m2/repository/org/springframework/roo/org.springframework.roo.annotations/1.2.3.RELEASE/org.springframework.roo.annotations-1.2.3.RELEASE.jar:/home/vico/.m2/repository/org/springframework/security/spring-security-acl/3.1.0.RELEASE/spring-security-acl-3.1.0.RELEASE.jar:/home/vico/.m2/repository/org/springframework/security/spring-security-config/3.1.0.RELEASE/spring-security-config-3.1.0.RELEASE.jar:/home/vico/.m2/repository/org/springframework/security/spring-security-core/3.1.0.RELEASE/spring-security-core-3.1.0.RELEASE.jar:/home/vico/.m2/repository/org/springframework/security/spring-security-crypto/3.1.0.RELEASE/spring-security-crypto-3.1.0.RELEASE.jar:/home/vico/.m2/repository/org/springframework/security/spring-security-taglibs/3.1.0.RELEASE/spring-security-taglibs-3.1.0.RELEASE.jar:/home/vico/.m2/repository/org/springframework/security/spring-security-web/3.1.0.RELEASE/spring-security-web-3.1.0.RELEASE.jar:/home/vico/.m2/repository/postgresql/postgresql/9.1-901-1.jdbc4/postgresql-9.1-901-1.jdbc4.jar:/home/vico/dev/bytepoxic/zidane/backdoor/target/classes
-aspectpath
/home/vico/.m2/repository/org/springframework/spring-aspects/3.2.0.RELEASE/spring-aspects-3.2.0.RELEASE.jar
-d
/home/vico/dev/bytepoxic/zidane/backdoor/target/classes
/home/vico/dev/bytepoxic/zidane/backdoor/src/main/java/com/bytepoxic/core/backdoor/bean/AppUserBackDoorBean.java
/home/vico/dev/bytepoxic/zidane/backdoor/src/main/java/com/bytepoxic/core/backdoor/bean/AppRoleBackDoorBean.java
/home/vico/dev/bytepoxic/zidane/backdoor/src/main/java/com/bytepoxic/core/backdoor/MainBackDoorSuite.java
/home/vico/dev/bytepoxic/zidane/backdoor/src/main/java/com/bytepoxic/core/backdoor/bean/AbstractBackDoor.java
/home/vico/dev/bytepoxic/zidane/backdoor/src/main/java/com/bytepoxic/core/backdoor/bean/PersonBackDoorBean.java
/home/vico/dev/bytepoxic/zidane/backdoor/src/main/java/com/bytepoxic/core/backdoor/bean/AppUserRoleBean.java
/home/vico/dev/bytepoxic/zidane/backdoor/src/main/java/com/bytepoxic/core/backdoor/bean/LocationBackDoorBean.java
/home/vico/dev/bytepoxic/zidane/backdoor/src/main/java/com/bytepoxic/core/backdoor/bean/BackDoorBean.java
